<?xml version="1.0" encoding="UTF-8"?>
<testng-results ignored="0" total="1" passed="1" failed="0" skipped="0">
  <reporter-output>
  </reporter-output>
  <suite started-at="2022-09-13T12:44:33 IST" name="Default suite" finished-at="2022-09-13T12:45:08 IST" duration-ms="34652">
    <groups>
    </groups>
    <test started-at="2022-09-13T12:44:33 IST" name="Default test" finished-at="2022-09-13T12:45:08 IST" duration-ms="34652">
      <class name="Com.Automation.Test.OrderPaymentsPageTest">
        <test-method is-config="true" signature="precondition()[pri:0, instance:Com.Automation.Test.OrderPaymentsPageTest@3514a4c0]" started-at="2022-09-13T12:44:33 IST" name="precondition" finished-at="2022-09-13T12:44:36 IST" duration-ms="2594" status="PASS">
          <reporter-output>
          </reporter-output>
        </test-method> <!-- precondition -->
        <test-method signature="verifyPayNow()[pri:0, instance:Com.Automation.Test.OrderPaymentsPageTest@3514a4c0]" started-at="2022-09-13T12:44:36 IST" name="verifyPayNow" finished-at="2022-09-13T12:45:08 IST" duration-ms="32034" status="PASS">
          <reporter-output>
          </reporter-output>
        </test-method> <!-- verifyPayNow -->
      </class> <!-- Com.Automation.Test.OrderPaymentsPageTest -->
    </test> <!-- Default test -->
  </suite> <!-- Default suite -->
</testng-results>
